D, [2015-12-05T17:42:37.650872 #1665] DEBUG -- :   [1m[36m (7.8ms)[0m  [1mCREATE TABLE "schema_migrations" ("version" varchar NOT NULL) [0m
D, [2015-12-05T17:42:37.651255 #1665] DEBUG -- :   [1m[35m (0.1ms)[0m  select sqlite_version(*)
D, [2015-12-05T17:42:37.657486 #1665] DEBUG -- :   [1m[36m (5.6ms)[0m  [1mCREATE UNIQUE INDEX "unique_schema_migrations" ON "schema_migrations" ("version")[0m
D, [2015-12-05T17:42:37.658593 #1665] DEBUG -- :   [1m[35mActiveRecord::SchemaMigration Load (0.1ms)[0m  SELECT "schema_migrations".* FROM "schema_migrations"
I, [2015-12-05T17:42:37.663857 #1665]  INFO -- : Migrating to CreateSynthPresets (20151206014214)
D, [2015-12-05T17:42:37.664418 #1665] DEBUG -- :   [1m[36m (0.1ms)[0m  [1mbegin transaction[0m
D, [2015-12-05T17:42:37.666705 #1665] DEBUG -- :   [1m[35m (0.4ms)[0m  CREATE TABLE "synth_presets" ("id" INTEGER PRIMARY KEY AUTOINCREMENT NOT NULL, "filename" varchar, "private" boolean, "user_id" integer, "created_at" datetime NOT NULL, "updated_at" datetime NOT NULL) 
D, [2015-12-05T17:42:37.676205 #1665] DEBUG -- :   [1m[36mSQL (0.2ms)[0m  [1mINSERT INTO "schema_migrations" ("version") VALUES (?)[0m  [["version", "20151206014214"]]
D, [2015-12-05T17:42:37.684874 #1665] DEBUG -- :   [1m[35m (8.3ms)[0m  commit transaction
I, [2015-12-05T17:42:37.685095 #1665]  INFO -- : Migrating to CreateSequencerPresets (20151206014215)
D, [2015-12-05T17:42:37.685991 #1665] DEBUG -- :   [1m[36m (0.1ms)[0m  [1mbegin transaction[0m
D, [2015-12-05T17:42:37.687788 #1665] DEBUG -- :   [1m[35m (0.4ms)[0m  CREATE TABLE "sequencer_presets" ("id" INTEGER PRIMARY KEY AUTOINCREMENT NOT NULL, "filename" varchar, "private" boolean, "user_id" integer, "created_at" datetime NOT NULL, "updated_at" datetime NOT NULL) 
D, [2015-12-05T17:42:37.689306 #1665] DEBUG -- :   [1m[36mSQL (0.2ms)[0m  [1mINSERT INTO "schema_migrations" ("version") VALUES (?)[0m  [["version", "20151206014215"]]
D, [2015-12-05T17:42:37.693655 #1665] DEBUG -- :   [1m[35m (4.1ms)[0m  commit transaction
I, [2015-12-05T17:42:37.693755 #1665]  INFO -- : Migrating to CreateSynthTags (20151206014216)
D, [2015-12-05T17:42:37.694417 #1665] DEBUG -- :   [1m[36m (0.1ms)[0m  [1mbegin transaction[0m
D, [2015-12-05T17:42:37.695512 #1665] DEBUG -- :   [1m[35m (0.4ms)[0m  CREATE TABLE "synth_tags" ("id" INTEGER PRIMARY KEY AUTOINCREMENT NOT NULL, "str" varchar, "synth_id" integer, "created_at" datetime NOT NULL, "updated_at" datetime NOT NULL) 
D, [2015-12-05T17:42:37.696555 #1665] DEBUG -- :   [1m[36mSQL (0.2ms)[0m  [1mINSERT INTO "schema_migrations" ("version") VALUES (?)[0m  [["version", "20151206014216"]]
D, [2015-12-05T17:42:37.700725 #1665] DEBUG -- :   [1m[35m (3.9ms)[0m  commit transaction
I, [2015-12-05T17:42:37.700821 #1665]  INFO -- : Migrating to CreateSequencerTags (20151206014218)
D, [2015-12-05T17:42:37.701421 #1665] DEBUG -- :   [1m[36m (0.1ms)[0m  [1mbegin transaction[0m
D, [2015-12-05T17:42:37.702495 #1665] DEBUG -- :   [1m[35m (0.4ms)[0m  CREATE TABLE "sequencer_tags" ("id" INTEGER PRIMARY KEY AUTOINCREMENT NOT NULL, "str" varchar, "sequencer_id" integer, "created_at" datetime NOT NULL, "updated_at" datetime NOT NULL) 
D, [2015-12-05T17:42:37.703484 #1665] DEBUG -- :   [1m[36mSQL (0.2ms)[0m  [1mINSERT INTO "schema_migrations" ("version") VALUES (?)[0m  [["version", "20151206014218"]]
D, [2015-12-05T17:42:37.706719 #1665] DEBUG -- :   [1m[35m (3.0ms)[0m  commit transaction
I, [2015-12-05T17:42:37.706800 #1665]  INFO -- : Migrating to CreateSynthPresetUsers (20151206014219)
D, [2015-12-05T17:42:37.707441 #1665] DEBUG -- :   [1m[36m (0.1ms)[0m  [1mbegin transaction[0m
D, [2015-12-05T17:42:37.708450 #1665] DEBUG -- :   [1m[35m (0.4ms)[0m  CREATE TABLE "synth_preset_users" ("id" INTEGER PRIMARY KEY AUTOINCREMENT NOT NULL, "preset_id" integer, "user_id" integer, "created_at" datetime NOT NULL, "updated_at" datetime NOT NULL) 
D, [2015-12-05T17:42:37.709434 #1665] DEBUG -- :   [1m[36mSQL (0.2ms)[0m  [1mINSERT INTO "schema_migrations" ("version") VALUES (?)[0m  [["version", "20151206014219"]]
D, [2015-12-05T17:42:37.712948 #1665] DEBUG -- :   [1m[35m (3.3ms)[0m  commit transaction
I, [2015-12-05T17:42:37.713045 #1665]  INFO -- : Migrating to CreateSequencerPresetUsers (20151206014220)
D, [2015-12-05T17:42:37.713670 #1665] DEBUG -- :   [1m[36m (0.1ms)[0m  [1mbegin transaction[0m
D, [2015-12-05T17:42:37.714679 #1665] DEBUG -- :   [1m[35m (0.4ms)[0m  CREATE TABLE "sequencer_preset_users" ("id" INTEGER PRIMARY KEY AUTOINCREMENT NOT NULL, "preset_id" integer, "user_id" integer, "created_at" datetime NOT NULL, "updated_at" datetime NOT NULL) 
D, [2015-12-05T17:42:37.715768 #1665] DEBUG -- :   [1m[36mSQL (0.2ms)[0m  [1mINSERT INTO "schema_migrations" ("version") VALUES (?)[0m  [["version", "20151206014220"]]
D, [2015-12-05T17:42:37.718553 #1665] DEBUG -- :   [1m[35m (2.6ms)[0m  commit transaction
I, [2015-12-05T17:42:37.718650 #1665]  INFO -- : Migrating to DeviseCreateUsers (20151206014230)
D, [2015-12-05T17:42:37.719435 #1665] DEBUG -- :   [1m[36m (0.1ms)[0m  [1mbegin transaction[0m
D, [2015-12-05T17:42:37.720993 #1665] DEBUG -- :   [1m[35m (0.4ms)[0m  CREATE TABLE "users" ("id" INTEGER PRIMARY KEY AUTOINCREMENT NOT NULL, "email" varchar DEFAULT '' NOT NULL, "encrypted_password" varchar DEFAULT '' NOT NULL, "reset_password_token" varchar, "reset_password_sent_at" datetime, "remember_created_at" datetime, "sign_in_count" integer DEFAULT 0 NOT NULL, "current_sign_in_at" datetime, "last_sign_in_at" datetime, "current_sign_in_ip" varchar, "last_sign_in_ip" varchar, "name" varchar, "user_id" integer, "created_at" datetime NOT NULL, "updated_at" datetime NOT NULL) 
D, [2015-12-05T17:42:37.722365 #1665] DEBUG -- :   [1m[36m (0.7ms)[0m  [1mCREATE UNIQUE INDEX "index_users_on_email" ON "users" ("email")[0m
D, [2015-12-05T17:42:37.723226 #1665] DEBUG -- :   [1m[35m (0.2ms)[0m              SELECT sql
            FROM sqlite_master
            WHERE name='index_users_on_email' AND type='index'
            UNION ALL
            SELECT sql
            FROM sqlite_temp_master
            WHERE name='index_users_on_email' AND type='index'

D, [2015-12-05T17:42:37.724454 #1665] DEBUG -- :   [1m[36m (0.6ms)[0m  [1mCREATE UNIQUE INDEX "index_users_on_reset_password_token" ON "users" ("reset_password_token")[0m
D, [2015-12-05T17:42:37.726123 #1665] DEBUG -- :   [1m[35mSQL (0.2ms)[0m  INSERT INTO "schema_migrations" ("version") VALUES (?)  [["version", "20151206014230"]]
D, [2015-12-05T17:42:37.730443 #1665] DEBUG -- :   [1m[36m (4.1ms)[0m  [1mcommit transaction[0m
